# JRE version: OpenJDK Runtime Environment (8.0_112-b06) (build 1.8.0_112-release-b06)
# Java VM: OpenJDK 64-Bit Server VM (25.112-b06 mixed mode windows-amd64 compressed oops)
Heap:
 PSYoungGen      total 420352K, used 369490K [0x00000000e0000000, 0x00000000ffe80000, 0x0000000100000000)
  eden space 323072K, 100% used [0x00000000e0000000,0x00000000f3b80000,0x00000000f3b80000)
  from space 97280K, 47% used [0x00000000f9680000,0x00000000fc3d4838,0x00000000ff580000)
  to   space 93184K, 51% used [0x00000000f3b80000,0x00000000f6a5ead0,0x00000000f9680000)
 ParOldGen       total 732160K, used 109033K [0x00000000a0000000, 0x00000000ccb00000, 0x00000000e0000000)
  object space 732160K, 14% used [0x00000000a0000000,0x00000000a6a7a678,0x00000000ccb00000)
 Metaspace       used 117252K, capacity 125476K, committed 125568K, reserved 1159168K
  class space    used 14491K, capacity 15733K, committed 15744K, reserved 1048576K
GC Heap History (10 events):
Event: 2892.951 GC heap after
Heap after GC invocations=220 (full 18):
 PSYoungGen      total 400896K, used 0K [0x00000000e0000000, 0x0000000100000000, 0x0000000100000000)
  eden space 320512K, 0% used [0x00000000e0000000,0x00000000e0000000,0x00000000f3900000)
  from space 80384K, 0% used [0x00000000fb180000,0x00000000fb180000,0x0000000100000000)
  to   space 101888K, 0% used [0x00000000f3900000,0x00000000f3900000,0x00000000f9c80000)
 ParOldGen       total 732160K, used 109001K [0x00000000a0000000, 0x00000000ccb00000, 0x00000000e0000000)
  object space 732160K, 14% used [0x00000000a0000000,0x00000000a6a72678,0x00000000ccb00000)
 Metaspace       used 100383K, capacity 107152K, committed 108416K, reserved 1144832K
  class space    used 12429K, capacity 13486K, committed 13696K, reserved 1048576K
}
Event: 5395.194 GC heap before
{Heap before GC invocations=221 (full 18):
 PSYoungGen      total 400896K, used 320512K [0x00000000e0000000, 0x0000000100000000, 0x0000000100000000)
  eden space 320512K, 100% used [0x00000000e0000000,0x00000000f3900000,0x00000000f3900000)
  from space 80384K, 0% used [0x00000000fb180000,0x00000000fb180000,0x0000000100000000)
  to   space 101888K, 0% used [0x00000000f3900000,0x00000000f3900000,0x00000000f9c80000)
 ParOldGen       total 732160K, used 109001K [0x00000000a0000000, 0x00000000ccb00000, 0x00000000e0000000)
  object space 732160K, 14% used [0x00000000a0000000,0x00000000a6a72678,0x00000000ccb00000)
 Metaspace       used 100780K, capacity 107748K, committed 108416K, reserved 1144832K
  class space    used 12481K, capacity 13555K, committed 13696K, reserved 1048576K
Event: 5395.213 GC heap after
Heap after GC invocations=221 (full 18):
 PSYoungGen      total 326144K, used 5424K [0x00000000e0000000, 0x0000000100000000, 0x0000000100000000)
  eden space 320512K, 0% used [0x00000000e0000000,0x00000000e0000000,0x00000000f3900000)
  from space 5632K, 96% used [0x00000000f3900000,0x00000000f3e4c050,0x00000000f3e80000)
  to   space 103936K, 0% used [0x00000000f9a80000,0x00000000f9a80000,0x0000000100000000)
 ParOldGen       total 732160K, used 109009K [0x00000000a0000000, 0x00000000ccb00000, 0x00000000e0000000)
  object space 732160K, 14% used [0x00000000a0000000,0x00000000a6a74678,0x00000000ccb00000)
 Metaspace       used 100780K, capacity 107748K, committed 108416K, reserved 1144832K
  class space    used 12481K, capacity 13555K, committed 13696K, reserved 1048576K
}
Event: 5402.585 GC heap before
{Heap before GC invocations=222 (full 18):
 PSYoungGen      total 326144K, used 325936K [0x00000000e0000000, 0x0000000100000000, 0x0000000100000000)
  eden space 320512K, 100% used [0x00000000e0000000,0x00000000f3900000,0x00000000f3900000)
  from space 5632K, 96% used [0x00000000f3900000,0x00000000f3e4c050,0x00000000f3e80000)
  to   space 103936K, 0% used [0x00000000f9a80000,0x00000000f9a80000,0x0000000100000000)
 ParOldGen       total 732160K, used 109009K [0x00000000a0000000, 0x00000000ccb00000, 0x00000000e0000000)
  object space 732160K, 14% used [0x00000000a0000000,0x00000000a6a74678,0x00000000ccb00000)
 Metaspace       used 110716K, capacity 118566K, committed 118784K, reserved 1153024K
  class space    used 13844K, capacity 15062K, committed 15104K, reserved 1048576K
Event: 5402.606 GC heap after
Heap after GC invocations=222 (full 18):
 PSYoungGen      total 422912K, used 26129K [0x00000000e0000000, 0x0000000100000000, 0x0000000100000000)
  eden space 318976K, 0% used [0x00000000e0000000,0x00000000e0000000,0x00000000f3780000)
  from space 103936K, 25% used [0x00000000f9a80000,0x00000000fb404408,0x0000000100000000)
  to   space 101376K, 0% used [0x00000000f3780000,0x00000000f3780000,0x00000000f9a80000)
 ParOldGen       total 732160K, used 109017K [0x00000000a0000000, 0x00000000ccb00000, 0x00000000e0000000)
  object space 732160K, 14% used [0x00000000a0000000,0x00000000a6a76678,0x00000000ccb00000)
 Metaspace       used 110716K, capacity 118566K, committed 118784K, reserved 1153024K
  class space    used 13844K, capacity 15062K, committed 15104K, reserved 1048576K
}
Event: 5413.614 GC heap before
{Heap before GC invocations=223 (full 18):
 PSYoungGen      total 422912K, used 345105K [0x00000000e0000000, 0x0000000100000000, 0x0000000100000000)
  eden space 318976K, 100% used [0x00000000e0000000,0x00000000f3780000,0x00000000f3780000)
  from space 103936K, 25% used [0x00000000f9a80000,0x00000000fb404408,0x0000000100000000)
  to   space 101376K, 0% used [0x00000000f3780000,0x00000000f3780000,0x00000000f9a80000)
 ParOldGen       total 732160K, used 109017K [0x00000000a0000000, 0x00000000ccb00000, 0x00000000e0000000)
  object space 732160K, 14% used [0x00000000a0000000,0x00000000a6a76678,0x00000000ccb00000)
 Metaspace       used 113660K, capacity 121584K, committed 121856K, reserved 1155072K
  class space    used 14153K, capacity 15345K, committed 15360K, reserved 1048576K
Event: 5413.645 GC heap after
Heap after GC invocations=223 (full 18):
 PSYoungGen      total 351744K, used 32430K [0x00000000e0000000, 0x00000000ff580000, 0x0000000100000000)
  eden space 318976K, 0% used [0x00000000e0000000,0x00000000e0000000,0x00000000f3780000)
  from space 32768K, 98% used [0x00000000f3780000,0x00000000f572ba28,0x00000000f5780000)
  to   space 97280K, 0% used [0x00000000f9680000,0x00000000f9680000,0x00000000ff580000)
 ParOldGen       total 732160K, used 109025K [0x00000000a0000000, 0x00000000ccb00000, 0x00000000e0000000)
  object space 732160K, 14% used [0x00000000a0000000,0x00000000a6a78678,0x00000000ccb00000)
 Metaspace       used 113660K, capacity 121584K, committed 121856K, reserved 1155072K
  class space    used 14153K, capacity 15345K, committed 15360K, reserved 1048576K
}
Event: 5472.382 GC heap before
{Heap before GC invocations=224 (full 18):
 PSYoungGen      total 351744K, used 351406K [0x00000000e0000000, 0x00000000ff580000, 0x0000000100000000)
  eden space 318976K, 100% used [0x00000000e0000000,0x00000000f3780000,0x00000000f3780000)
  from space 32768K, 98% used [0x00000000f3780000,0x00000000f572ba28,0x00000000f5780000)
  to   space 97280K, 0% used [0x00000000f9680000,0x00000000f9680000,0x00000000ff580000)
 ParOldGen       total 732160K, used 109025K [0x00000000a0000000, 0x00000000ccb00000, 0x00000000e0000000)
  object space 732160K, 14% used [0x00000000a0000000,0x00000000a6a78678,0x00000000ccb00000)
 Metaspace       used 114055K, capacity 122216K, committed 122240K, reserved 1157120K
  class space    used 14220K, capacity 15465K, committed 15488K, reserved 1048576K
Event: 5472.411 GC heap after
Heap after GC invocations=224 (full 18):
 PSYoungGen      total 420352K, used 46418K [0x00000000e0000000, 0x00000000ffe80000, 0x0000000100000000)
  eden space 323072K, 0% used [0x00000000e0000000,0x00000000e0000000,0x00000000f3b80000)
  from space 97280K, 47% used [0x00000000f9680000,0x00000000fc3d4838,0x00000000ff580000)
  to   space 93184K, 0% used [0x00000000f3b80000,0x00000000f3b80000,0x00000000f9680000)
 ParOldGen       total 732160K, used 109033K [0x00000000a0000000, 0x00000000ccb00000, 0x00000000e0000000)
  object space 732160K, 14% used [0x00000000a0000000,0x00000000a6a7a678,0x00000000ccb00000)
 Metaspace       used 114055K, capacity 122216K, committed 122240K, reserved 1157120K
  class space    used 14220K, capacity 15465K, committed 15488K, reserved 1048576K
}
Event: 5473.788 GC heap before
{Heap before GC invocations=225 (full 18):
 PSYoungGen      total 420352K, used 369490K [0x00000000e0000000, 0x00000000ffe80000, 0x0000000100000000)
  eden space 323072K, 100% used [0x00000000e0000000,0x00000000f3b80000,0x00000000f3b80000)
  from space 97280K, 47% used [0x00000000f9680000,0x00000000fc3d4838,0x00000000ff580000)
  to   space 93184K, 0% used [0x00000000f3b80000,0x00000000f3b80000,0x00000000f9680000)
 ParOldGen       total 732160K, used 109033K [0x00000000a0000000, 0x00000000ccb00000, 0x00000000e0000000)
  object space 732160K, 14% used [0x00000000a0000000,0x00000000a6a7a678,0x00000000ccb00000)
 Metaspace       used 117252K, capacity 125476K, committed 125568K, reserved 1159168K
  class space    used 14491K, capacity 15733K, committed 15744K, reserved 1048576K

